2020-06-17 18:32:49,980 INFO  [org.jboss.modules] (main) JBoss Modules version 1.10.0.Final
2020-06-17 18:32:50,428 INFO  [org.jboss.msc] (main) JBoss MSC version 1.4.11.Final
2020-06-17 18:32:50,444 INFO  [org.jboss.threads] (main) JBoss Threads version 2.3.3.Final
2020-06-17 18:32:50,582 INFO  [org.jboss.as] (MSC service thread 1-2) WFLYSRV0049: Keycloak 10.0.2 (WildFly Core 11.1.1.Final) starting
2020-06-17 18:32:50,582 DEBUG [org.jboss.as.config] (MSC service thread 1-2) Configured system properties:
	awt.toolkit = sun.awt.windows.WToolkit
	file.encoding = Cp1252
	file.encoding.pkg = sun.io
	file.separator = \
	java.awt.graphicsenv = sun.awt.Win32GraphicsEnvironment
	java.awt.printerjob = sun.awt.windows.WPrinterJob
	java.class.path = C:\Users\F20940\new projet\projet12\keycloak-10.0.2\jboss-modules.jar
	java.class.version = 52.0
	java.endorsed.dirs = C:\Program Files\Java\jdk1.8.0_201\jre\lib\endorsed
	java.ext.dirs = C:\Program Files\Java\jdk1.8.0_201\jre\lib\ext;C:\WINDOWS\Sun\Java\lib\ext
	java.home = C:\Program Files\Java\jdk1.8.0_201\jre
	java.io.tmpdir = C:\Users\F20940\AppData\Local\Temp\
	java.library.path = C:\Program Files\Java\jdk1.8.0_201\bin;C:\WINDOWS\Sun\Java\bin;C:\WINDOWS\system32;C:\WINDOWS;C:\Program Files (x86)\Intel\Intel(R) Management Engine Components\iCLS\;C:\Program Files\Intel\Intel(R) Management Engine Components\iCLS\;C:\WINDOWS\system32;C:\WINDOWS;C:\WINDOWS\System32\Wbem;C:\WINDOWS\System32\WindowsPowerShell\v1.0\;C:\WINDOWS\System32\OpenSSH\;C:\Program Files (x86)\Intel\Intel(R) Management Engine Components\DAL;C:\Program Files\Intel\Intel(R) Management Engine Components\DAL;C:\Program Files\Git\cmd;C:\Users\F20940\apache-maven-3.6.2\bin;C:\Program Files\Intel\WiFi\bin\;C:\Program Files\Common Files\Intel\WirelessCommon\;C:\Program Files\nodejs\;%JAVA_HOME%\bin;";C:\Program Files (x86)\Java\jre8\bin";C:\Users\F20940\AppData\Roaming\npm;C:\Program Files\Java\jre1.8.0_201\bin;%USERPROFILE%\AppData\Local\Microsoft\WindowsApps;;.
	java.net.preferIPv4Stack = true
	java.runtime.name = Java(TM) SE Runtime Environment
	java.runtime.version = 1.8.0_201-b09
	java.specification.name = Java Platform API Specification
	java.specification.vendor = Oracle Corporation
	java.specification.version = 1.8
	java.util.logging.manager = org.jboss.logmanager.LogManager
	java.vendor = Oracle Corporation
	java.vendor.url = http://java.oracle.com/
	java.vendor.url.bug = http://bugreport.sun.com/bugreport/
	java.version = 1.8.0_201
	java.vm.info = mixed mode
	java.vm.name = Java HotSpot(TM) 64-Bit Server VM
	java.vm.specification.name = Java Virtual Machine Specification
	java.vm.specification.vendor = Oracle Corporation
	java.vm.specification.version = 1.8
	java.vm.vendor = Oracle Corporation
	java.vm.version = 25.201-b09
	javax.management.builder.initial = org.jboss.as.jmx.PluggableMBeanServerBuilder
	jboss.home.dir = C:\Users\F20940\new projet\projet12\keycloak-10.0.2
	jboss.host.name = laptop-48m387v1
	jboss.modules.dir = C:\Users\F20940\new projet\projet12\keycloak-10.0.2\modules
	jboss.modules.system.pkgs = org.jboss.byteman
	jboss.node.name = laptop-48m387v1
	jboss.qualified.host.name = laptop-48m387v1
	jboss.server.base.dir = C:\Users\F20940\new projet\projet12\keycloak-10.0.2\standalone
	jboss.server.config.dir = C:\Users\F20940\new projet\projet12\keycloak-10.0.2\standalone\configuration
	jboss.server.data.dir = C:\Users\F20940\new projet\projet12\keycloak-10.0.2\standalone\data
	jboss.server.deploy.dir = C:\Users\F20940\new projet\projet12\keycloak-10.0.2\standalone\data\content
	jboss.server.log.dir = C:\Users\F20940\new projet\projet12\keycloak-10.0.2\standalone\log
	jboss.server.name = laptop-48m387v1
	jboss.server.persist.config = true
	jboss.server.temp.dir = C:\Users\F20940\new projet\projet12\keycloak-10.0.2\standalone\tmp
	line.separator = 

	logging.configuration = file:C:\Users\F20940\new projet\projet12\keycloak-10.0.2\standalone\configuration/logging.properties
	module.path = C:\Users\F20940\new projet\projet12\keycloak-10.0.2\modules
	org.jboss.boot.log.file = C:\Users\F20940\new projet\projet12\keycloak-10.0.2\standalone\log\server.log
	org.jboss.resolver.warning = true
	os.arch = amd64
	os.name = Windows 10
	os.version = 10.0
	path.separator = ;
	program.name = standalone.bat
	sun.arch.data.model = 64
	sun.boot.class.path = C:\Program Files\Java\jdk1.8.0_201\jre\lib\resources.jar;C:\Program Files\Java\jdk1.8.0_201\jre\lib\rt.jar;C:\Program Files\Java\jdk1.8.0_201\jre\lib\sunrsasign.jar;C:\Program Files\Java\jdk1.8.0_201\jre\lib\jsse.jar;C:\Program Files\Java\jdk1.8.0_201\jre\lib\jce.jar;C:\Program Files\Java\jdk1.8.0_201\jre\lib\charsets.jar;C:\Program Files\Java\jdk1.8.0_201\jre\lib\jfr.jar;C:\Program Files\Java\jdk1.8.0_201\jre\classes
	sun.boot.library.path = C:\Program Files\Java\jdk1.8.0_201\jre\bin
	sun.cpu.endian = little
	sun.cpu.isalist = amd64
	sun.desktop = windows
	sun.io.unicode.encoding = UnicodeLittle
	sun.java.command = C:\Users\F20940\new projet\projet12\keycloak-10.0.2\jboss-modules.jar -mp C:\Users\F20940\new projet\projet12\keycloak-10.0.2\modules org.jboss.as.standalone -Djboss.home.dir=C:\Users\F20940\new projet\projet12\keycloak-10.0.2
	sun.java.launcher = SUN_STANDARD
	sun.jnu.encoding = Cp1252
	sun.management.compiler = HotSpot 64-Bit Tiered Compilers
	sun.os.patch.level = 
	sun.stderr.encoding = cp850
	sun.stdout.encoding = cp850
	user.country = FR
	user.dir = C:\Users\F20940\new projet\projet12\keycloak-10.0.2\bin
	user.home = C:\Users\F20940
	user.language = fr
	user.name = F20940
	user.script = 
	user.timezone = Europe/Paris
	user.variant = 
2020-06-17 18:32:50,582 DEBUG [org.jboss.as.config] (MSC service thread 1-2) VM Arguments: -Dprogram.name=standalone.bat -Xms64M -Xmx512M -XX:MetaspaceSize=96M -XX:MaxMetaspaceSize=256m -Djava.net.preferIPv4Stack=true -Djboss.modules.system.pkgs=org.jboss.byteman -Dorg.jboss.boot.log.file=C:\Users\F20940\new projet\projet12\keycloak-10.0.2\standalone\log\server.log -Dlogging.configuration=file:C:\Users\F20940\new projet\projet12\keycloak-10.0.2\standalone\configuration/logging.properties 
2020-06-17 18:32:51,450 INFO  [org.wildfly.security] (ServerService Thread Pool -- 20) ELY00001: WildFly Elytron version 1.11.4.Final
2020-06-17 18:32:52,089 INFO  [org.jboss.as.controller.management-deprecated] (Controller Boot Thread) WFLYCTL0028: Attribute 'security-realm' in the resource at address '/core-service=management/management-interface=http-interface' is deprecated, and may be removed in a future version. See the attribute description in the output of the read-resource-description operation to learn more about the deprecation.
2020-06-17 18:32:52,104 INFO  [org.jboss.as.controller.management-deprecated] (ServerService Thread Pool -- 15) WFLYCTL0028: Attribute 'security-realm' in the resource at address '/subsystem=undertow/server=default-server/https-listener=https' is deprecated, and may be removed in a future version. See the attribute description in the output of the read-resource-description operation to learn more about the deprecation.
2020-06-17 18:32:52,205 INFO  [org.jboss.as.server] (Controller Boot Thread) WFLYSRV0039: Creating http management service using socket-binding (management-http)
2020-06-17 18:32:52,243 INFO  [org.xnio] (MSC service thread 1-2) XNIO version 3.7.7.Final
2020-06-17 18:32:52,243 INFO  [org.xnio.nio] (MSC service thread 1-2) XNIO NIO Implementation Version 3.7.7.Final
2020-06-17 18:32:52,289 INFO  [org.jboss.as.clustering.infinispan] (ServerService Thread Pool -- 37) WFLYCLINF0001: Activating Infinispan subsystem.
2020-06-17 18:32:52,321 WARN  [org.jboss.as.txn] (ServerService Thread Pool -- 49) WFLYTX0013: The node-identifier attribute on the /subsystem=transactions is set to the default value. This is a danger for environments running multiple servers. Please make sure the attribute value is unique.
2020-06-17 18:32:52,336 INFO  [org.jboss.as.naming] (ServerService Thread Pool -- 43) WFLYNAM0001: Activating Naming Subsystem
2020-06-17 18:32:52,336 INFO  [org.jboss.as.security] (ServerService Thread Pool -- 48) WFLYSEC0002: Activating Security Subsystem
2020-06-17 18:32:52,336 INFO  [org.wildfly.extension.microprofile.config.smallrye._private] (ServerService Thread Pool -- 51) WFLYCONF0001: Activating WildFly MicroProfile Config Subsystem
2020-06-17 18:32:52,358 INFO  [org.wildfly.extension.microprofile.metrics.smallrye] (ServerService Thread Pool -- 53) WFLYMETRICS0001: Activating Eclipse MicroProfile Metrics Subsystem
2020-06-17 18:32:52,358 INFO  [org.jboss.as.security] (MSC service thread 1-1) WFLYSEC0001: Current PicketBox version=5.0.3.Final
2020-06-17 18:32:52,374 INFO  [org.jboss.as.connector] (MSC service thread 1-4) WFLYJCA0009: Starting JCA Subsystem (WildFly/IronJacamar 1.4.20.Final)
2020-06-17 18:32:52,390 INFO  [org.wildfly.extension.microprofile.health.smallrye] (ServerService Thread Pool -- 52) WFLYHEALTH0001: Activating Eclipse MicroProfile Health Subsystem
2020-06-17 18:32:52,390 INFO  [org.jboss.as.connector.subsystems.datasources] (ServerService Thread Pool -- 32) WFLYJCA0004: Deploying JDBC-compliant driver class org.h2.Driver (version 1.4)
2020-06-17 18:32:52,390 INFO  [org.jboss.as.connector.deployers.jdbc] (MSC service thread 1-8) WFLYJCA0018: Started Driver service with driver-name = h2
2020-06-17 18:32:52,405 INFO  [org.jboss.as.jaxrs] (ServerService Thread Pool -- 38) WFLYRS0016: RESTEasy version 3.11.2.Final
2020-06-17 18:32:52,405 INFO  [org.wildfly.extension.undertow] (MSC service thread 1-4) WFLYUT0003: Undertow 2.1.0.Final starting
2020-06-17 18:32:52,476 INFO  [org.jboss.as.naming] (MSC service thread 1-4) WFLYNAM0003: Starting Naming Service
2020-06-17 18:32:52,476 WARN  [org.wildfly.clustering.web.undertow] (ServerService Thread Pool -- 54) WFLYCLWEBUT0007: No routing provider found for default-server; using legacy provider based on static configuration
2020-06-17 18:32:52,476 INFO  [org.jboss.as.mail.extension] (MSC service thread 1-4) WFLYMAIL0001: Bound mail session [java:jboss/mail/Default]
2020-06-17 18:32:52,789 INFO  [org.wildfly.extension.undertow] (ServerService Thread Pool -- 54) WFLYUT0014: Creating file handler for path 'C:\Users\F20940\new projet\projet12\keycloak-10.0.2/welcome-content' with options [directory-listing: 'false', follow-symlink: 'false', case-sensitive: 'true', safe-symlink-paths: '[]']
2020-06-17 18:32:53,118 INFO  [org.wildfly.extension.io] (ServerService Thread Pool -- 36) WFLYIO001: Worker 'default' has auto-configured to 16 IO threads with 128 max task threads based on your 8 available processors
2020-06-17 18:32:53,118 INFO  [org.jboss.as.ejb3] (MSC service thread 1-6) WFLYEJB0482: Strict pool mdb-strict-max-pool is using a max instance size of 32 (per class), which is derived from the number of CPUs on this host.
2020-06-17 18:32:53,118 INFO  [org.jboss.as.ejb3] (MSC service thread 1-7) WFLYEJB0481: Strict pool slsb-strict-max-pool is using a max instance size of 128 (per class), which is derived from thread worker pool sizing.
2020-06-17 18:32:53,171 INFO  [org.wildfly.extension.undertow] (MSC service thread 1-7) WFLYUT0012: Started server default-server.
2020-06-17 18:32:53,171 INFO  [org.jboss.remoting] (MSC service thread 1-4) JBoss Remoting version 5.0.17.Final
2020-06-17 18:32:53,171 INFO  [org.wildfly.extension.undertow] (MSC service thread 1-2) WFLYUT0018: Host default-host starting
2020-06-17 18:32:53,171 INFO  [org.jboss.as.patching] (MSC service thread 1-6) WFLYPAT0050: Keycloak cumulative patch ID is: base, one-off patches include: none
